[debug] [2020-04-11T07:43:28.556Z] ----------------------------------------------------------------------
[debug] [2020-04-11T07:43:28.557Z] Command:       /usr/local/bin/node /usr/local/bin/firebase init
[debug] [2020-04-11T07:43:28.557Z] CLI Version:   6.5.2
[debug] [2020-04-11T07:43:28.557Z] Platform:      darwin
[debug] [2020-04-11T07:43:28.558Z] Node Version:  v12.13.0
[debug] [2020-04-11T07:43:28.558Z] Time:          Sat Apr 11 2020 13:13:28 GMT+0530 (India Standard Time)
[debug] [2020-04-11T07:43:28.559Z] ----------------------------------------------------------------------
[debug] 
[debug] [2020-04-11T07:43:28.567Z] > command requires scopes: ["email","openid","https://www.googleapis.com/auth/cloudplatformprojects.readonly","https://www.googleapis.com/auth/firebase","https://www.googleapis.com/auth/cloud-platform"]
[debug] [2020-04-11T07:43:28.568Z] > authorizing via signed-in user
[info] 
     ######## #### ########  ######## ########     ###     ######  ########
     ##        ##  ##     ## ##       ##     ##  ##   ##  ##       ##
     ######    ##  ########  ######   ########  #########  ######  ######
     ##        ##  ##    ##  ##       ##     ## ##     ##       ## ##
     ##       #### ##     ## ######## ########  ##     ##  ######  ########

You're about to initialize a Firebase project in this directory:

  /Users/shjain/Documents/expense-tracker

[info] 
=== Project Setup
[info] 
[info] First, let's associate this project directory with a Firebase project.
[info] You can create multiple project aliases by running firebase use --add, 
[info] but for now we'll just set up a default project.
[info] 
[debug] [2020-04-11T07:43:52.603Z] > refreshing access token with scopes: ["email","https://www.googleapis.com/auth/cloud-platform","https://www.googleapis.com/auth/cloudplatformprojects.readonly","https://www.googleapis.com/auth/firebase","openid"]
[debug] [2020-04-11T07:43:52.603Z] >>> HTTP REQUEST POST https://www.googleapis.com/oauth2/v3/token  
 <request body omitted>
[debug] [2020-04-11T07:43:52.815Z] <<< HTTP RESPONSE 200
[debug] [2020-04-11T07:43:52.833Z] >>> HTTP REQUEST GET https://firebase.googleapis.com/v1beta1/projects?page_size=100  
 
[debug] [2020-04-11T07:43:53.582Z] <<< HTTP RESPONSE 200
